<?xml version="1.0" encoding="UTF-8"?>
<!-- Generated by org.testng.reporters.JUnitReportReporter -->
<testsuite hostname="DESKTOP-I6VULTJ" failures="0" tests="2" name="testcases.DeleteIdTest" time="0.513" errors="0" timestamp="2025-08-12T21:15:46 IST" skipped="0">
  <testcase classname="testcases.DeleteIdTest" name="getBooking" time="0.278"/>
  <system-out/>
  <testcase classname="testcases.DeleteIdTest" name="deleteById" time="0.235"/>
  <system-out/>
</testsuite> <!-- testcases.DeleteIdTest -->
