<?xml version="1.0" encoding="UTF-8"?>
<!-- Generated by org.testng.reporters.JUnitReportReporter -->
<testsuite hostname="DESKTOP-I6VULTJ" failures="0" tests="2" name="testcases.PostBookingTest" time="0.636" errors="0" timestamp="2025-08-12T21:15:46 IST" skipped="0">
  <testcase classname="testcases.PostBookingTest" name="getBooking" time="0.280"/>
  <system-out/>
  <testcase classname="testcases.PostBookingTest" name="postBooking" time="0.356"/>
  <system-out/>
</testsuite> <!-- testcases.PostBookingTest -->
