<?xml version="1.0" encoding="UTF-8"?>
<!-- Generated by org.testng.reporters.JUnitReportReporter -->
<testsuite hostname="DESKTOP-I6VULTJ" failures="0" tests="1" name="testcases.AuthAccessTest" time="0.014" errors="0" timestamp="2025-08-12T21:15:46 IST" skipped="0">
  <testcase classname="testcases.AuthAccessTest" name="getAccessToken" time="0.014"/>
  <system-out/>
</testsuite> <!-- testcases.AuthAccessTest -->
