<?xml version="1.0" encoding="UTF-8"?>
<!-- Generated by org.testng.reporters.JUnitReportReporter -->
<testsuite hostname="DESKTOP-I6VULTJ" failures="2" tests="8" name="testrunner.CucumberTestNGRunner" time="9.516" errors="0" timestamp="2025-08-12T21:15:46 IST" skipped="0">
  <testcase classname="testrunner.CucumberTestNGRunner" name="runScenario" time="0.888"/>
  <system-out/>
  <testcase classname="testrunner.CucumberTestNGRunner" name="runScenario" time="0.473"/>
  <system-out/>
  <testcase classname="testrunner.CucumberTestNGRunner" name="runScenario" time="6.411"/>
  <system-out/>
  <testcase classname="testrunner.CucumberTestNGRunner" name="runScenario" time="0.281">
    <failure message="Response is not JSON!!!
Expected: a string containing &quot;application/json&quot;
     but: was &quot;&quot;" type="java.lang.AssertionError">
      <![CDATA[java.lang.AssertionError: Response is not JSON!!!
Expected: a string containing "application/json"
     but: was ""
at org.hamcrest.MatcherAssert.assertThat(MatcherAssert.java:18)
at utils.ValidationUtils.validateResponse(ValidationUtils.java:15)
at stepdefinations.GetInvalidSteps.validate_the_get_by_invalidid_response(GetInvalidSteps.java:26)
at ✽.validate the get by invalidid response(file:///C:/Users/DELL/eclipse-workspace/RestAssuredTestingCucumber/src/test/resources/feature/BookingAPI.feature:30)
]]>
    </failure>
  </testcase> <!-- runScenario -->
  <system-out/>
  <testcase classname="testrunner.CucumberTestNGRunner" name="runScenario" time="0.379">
    <failure message="StatusCode mismatch!!!
Expected: &lt;404&gt;
     but: was &lt;200&gt;" type="java.lang.AssertionError">
      <![CDATA[java.lang.AssertionError: StatusCode mismatch!!!
Expected: <404>
     but: was <200>
at org.hamcrest.MatcherAssert.assertThat(MatcherAssert.java:18)
at utils.ValidationUtils.validateStatusCode(ValidationUtils.java:21)
at stepdefinations.DelInvalidIdSteps.validate_the_del_by_invalidid_response(DelInvalidIdSteps.java:29)
at ✽.validate the del by invalidid response(file:///C:/Users/DELL/eclipse-workspace/RestAssuredTestingCucumber/src/test/resources/feature/BookingAPI.feature:40)
]]>
    </failure>
  </testcase> <!-- runScenario -->
  <system-out/>
  <testcase classname="testrunner.CucumberTestNGRunner" name="runScenario" time="0.337"/>
  <system-out/>
  <testcase classname="testrunner.CucumberTestNGRunner" name="runScenario" time="0.388"/>
  <system-out/>
  <testcase classname="testrunner.CucumberTestNGRunner" name="runScenario" time="0.359"/>
  <system-out/>
</testsuite> <!-- testrunner.CucumberTestNGRunner -->
