<?xml version="1.0" encoding="UTF-8"?>
<!-- Generated by org.testng.reporters.JUnitReportReporter -->
<testsuite hostname="DESKTOP-I6VULTJ" failures="0" tests="1" name="testcases.GetTrainTest" time="0.268" errors="0" timestamp="2025-08-12T21:15:46 IST" skipped="0">
  <testcase classname="testcases.GetTrainTest" name="getByTrainClass" time="0.268"/>
  <system-out/>
</testsuite> <!-- testcases.GetTrainTest -->
